生成启动时间为 2015/4/15 20:29:39。
     1>项目“D:\core\veronica0.0.85\veronica\veronica\veronica.vcxproj”在节点 2 上(build 个目标)。
     1>InitializeBuildStatus:
         正在对“Debug\veronica.unsuccessfulbuild”执行 Touch 任务。
       ClCompile:
         C:\Program Files (x86)\Microsoft Visual Studio 10.0\VC\bin\CL.exe /c /ZI /nologo /W3 /WX- /Od /Oy- /D _MBCS /Gm /EHsc /RTC1 /MDd /GS /fp:precise /Zc:wchar_t /Zc:forScope /Fo"Debug\\" /Fd"Debug\vc100.pdb" /Gd /TC /analyze- /errorReport:prompt ..\EMBR.c ..\EMSR.c ..\EVENODD.c ..\FMBR.c ..\FMSR.c ..\GEN_RDP.c ..\HoVer.c ..\MBR.c ..\MDR.c ..\MSR.c ..\Pcode.c ..\RAID5.c ..\RAID6.c ..\RDP.c ..\STAR.c ..\WEAVER.c ..\Xcode.c ..\cauchy.c ..\cauchy_org.c ..\decoder.c ..\encoder.c ..\file.c ..\galois.c ..\global_define.c ..\hamming.c ..\liberation.c ..\matrix.c ..\mysql.c ..\network.c ..\other.c ..\profile.c ..\reed_sol_classic.c ..\rscode.c ..\system_com.c ..\test.c ..\tool.c ..\update_opt.c
         update_opt.c
     1>d:\core\veronica0.0.85\veronica\include\my_alloc.h(27): fatal error C1083: 无法打开包括文件:“mysql/psi/psi_memory.h”: No such file or directory
         tool.c
     1>d:\core\veronica0.0.85\veronica\include\my_alloc.h(27): fatal error C1083: 无法打开包括文件:“mysql/psi/psi_memory.h”: No such file or directory
         test.c
     1>d:\core\veronica0.0.85\veronica\include\my_alloc.h(27): fatal error C1083: 无法打开包括文件:“mysql/psi/psi_memory.h”: No such file or directory
         system_com.c
     1>d:\core\veronica0.0.85\veronica\include\my_alloc.h(27): fatal error C1083: 无法打开包括文件:“mysql/psi/psi_memory.h”: No such file or directory
         rscode.c
     1>d:\core\veronica0.0.85\veronica\include\my_alloc.h(27): fatal error C1083: 无法打开包括文件:“mysql/psi/psi_memory.h”: No such file or directory
         reed_sol_classic.c
     1>d:\core\veronica0.0.85\veronica\include\my_alloc.h(27): fatal error C1083: 无法打开包括文件:“mysql/psi/psi_memory.h”: No such file or directory
         profile.c
     1>d:\core\veronica0.0.85\veronica\include\my_alloc.h(27): fatal error C1083: 无法打开包括文件:“mysql/psi/psi_memory.h”: No such file or directory
         other.c
     1>d:\core\veronica0.0.85\veronica\include\my_alloc.h(27): fatal error C1083: 无法打开包括文件:“mysql/psi/psi_memory.h”: No such file or directory
         network.c
     1>d:\core\veronica0.0.85\veronica\include\my_alloc.h(27): fatal error C1083: 无法打开包括文件:“mysql/psi/psi_memory.h”: No such file or directory
         mysql.c
     1>d:\core\veronica0.0.85\veronica\include\my_alloc.h(27): fatal error C1083: 无法打开包括文件:“mysql/psi/psi_memory.h”: No such file or directory
         matrix.c
