D:\CORE\VERONICA0.0.91\VERONICA\VERONICA\X64\DEBUG\AONTRS.OBJ
D:\CORE\VERONICA0.0.91\VERONICA\VERONICA\X64\DEBUG\CAONTRS.OBJ
D:\CORE\VERONICA0.0.91\VERONICA\VERONICA\X64\DEBUG\CAUCHY.OBJ
D:\CORE\VERONICA0.0.91\VERONICA\VERONICA\X64\DEBUG\CAUCHY_ORG.OBJ
D:\core\veronica0.0.91\veronica\veronica\x64\Debug\cl.command.1.tlog
D:\core\veronica0.0.91\veronica\veronica\x64\Debug\CL.read.1.tlog
D:\core\veronica0.0.91\veronica\veronica\x64\Debug\CL.write.1.tlog
D:\CORE\VERONICA0.0.91\VERONICA\VERONICA\X64\DEBUG\DECODER.OBJ
D:\CORE\VERONICA0.0.91\VERONICA\VERONICA\X64\DEBUG\EMBR.OBJ
D:\CORE\VERONICA0.0.91\VERONICA\VERONICA\X64\DEBUG\EMSR.OBJ
D:\CORE\VERONICA0.0.91\VERONICA\VERONICA\X64\DEBUG\ENCODER.OBJ
D:\CORE\VERONICA0.0.91\VERONICA\VERONICA\X64\DEBUG\EVENODD.OBJ
D:\CORE\VERONICA0.0.91\VERONICA\VERONICA\X64\DEBUG\FILE.OBJ
D:\CORE\VERONICA0.0.91\VERONICA\VERONICA\X64\DEBUG\FILELAYER.OBJ
D:\CORE\VERONICA0.0.91\VERONICA\VERONICA\X64\DEBUG\FMBR.OBJ
D:\CORE\VERONICA0.0.91\VERONICA\VERONICA\X64\DEBUG\FMSR.OBJ
D:\CORE\VERONICA0.0.91\VERONICA\VERONICA\X64\DEBUG\GALOIS.OBJ
D:\CORE\VERONICA0.0.91\VERONICA\VERONICA\X64\DEBUG\GEN_RDP.OBJ
D:\CORE\VERONICA0.0.91\VERONICA\VERONICA\X64\DEBUG\GLOBAL_DEFINE.OBJ
D:\CORE\VERONICA0.0.91\VERONICA\VERONICA\X64\DEBUG\HAMMING.OBJ
D:\CORE\VERONICA0.0.91\VERONICA\VERONICA\X64\DEBUG\HOVER.OBJ
D:\CORE\VERONICA0.0.91\VERONICA\VERONICA\X64\DEBUG\LIBERATION.OBJ
D:\core\veronica0.0.91\veronica\veronica\x64\Debug\link.command.1.tlog
D:\core\veronica0.0.91\veronica\veronica\x64\Debug\link.read.1.tlog
D:\core\veronica0.0.91\veronica\veronica\x64\Debug\link.write.1.tlog
D:\CORE\VERONICA0.0.91\VERONICA\VERONICA\X64\DEBUG\MATRIX.OBJ
D:\CORE\VERONICA0.0.91\VERONICA\VERONICA\X64\DEBUG\MBR.OBJ
D:\CORE\VERONICA0.0.91\VERONICA\VERONICA\X64\DEBUG\MDR.OBJ
D:\CORE\VERONICA0.0.91\VERONICA\VERONICA\X64\DEBUG\MSR.OBJ
D:\core\veronica0.0.91\veronica\veronica\x64\Debug\mt.command.1.tlog
D:\core\veronica0.0.91\veronica\veronica\x64\Debug\mt.read.1.tlog
D:\core\veronica0.0.91\veronica\veronica\x64\Debug\mt.read.3.tlog
D:\core\veronica0.0.91\veronica\veronica\x64\Debug\mt.write.1.tlog
D:\CORE\VERONICA0.0.91\VERONICA\VERONICA\X64\DEBUG\MYSQL.OBJ
D:\CORE\VERONICA0.0.91\VERONICA\VERONICA\X64\DEBUG\NETWORK.OBJ
D:\CORE\VERONICA0.0.91\VERONICA\VERONICA\X64\DEBUG\OTHER.OBJ
D:\CORE\VERONICA0.0.91\VERONICA\VERONICA\X64\DEBUG\PAONTRS.OBJ
D:\CORE\VERONICA0.0.91\VERONICA\VERONICA\X64\DEBUG\PCAONTRS.OBJ
D:\CORE\VERONICA0.0.91\VERONICA\VERONICA\X64\DEBUG\PCODE.OBJ
D:\CORE\VERONICA0.0.91\VERONICA\VERONICA\X64\DEBUG\PROFILE.OBJ
D:\CORE\VERONICA0.0.91\VERONICA\VERONICA\X64\DEBUG\RAID5.OBJ
D:\CORE\VERONICA0.0.91\VERONICA\VERONICA\X64\DEBUG\RAID6.OBJ
D:\CORE\VERONICA0.0.91\VERONICA\VERONICA\X64\DEBUG\RDP.OBJ
D:\CORE\VERONICA0.0.91\VERONICA\VERONICA\X64\DEBUG\REED_SOL_CLASSIC.OBJ
D:\CORE\VERONICA0.0.91\VERONICA\VERONICA\X64\DEBUG\RSCODE.OBJ
D:\CORE\VERONICA0.0.91\VERONICA\VERONICA\X64\DEBUG\STAR.OBJ
D:\CORE\VERONICA0.0.91\VERONICA\VERONICA\X64\DEBUG\SYSTEM_COM.OBJ
D:\CORE\VERONICA0.0.91\VERONICA\VERONICA\X64\DEBUG\TEST.OBJ
D:\CORE\VERONICA0.0.91\VERONICA\VERONICA\X64\DEBUG\TEST_UPDATE_DATA.OBJ
D:\CORE\VERONICA0.0.91\VERONICA\VERONICA\X64\DEBUG\TEST_UPDATE_SCH.OBJ
D:\CORE\VERONICA0.0.91\VERONICA\VERONICA\X64\DEBUG\TOOL.OBJ
D:\CORE\VERONICA0.0.91\VERONICA\VERONICA\X64\DEBUG\UPDATE_API.OBJ
D:\CORE\VERONICA0.0.91\VERONICA\VERONICA\X64\DEBUG\UPDATE_OPT.OBJ
D:\core\veronica0.0.91\veronica\veronica\x64\Debug\vc100.idb
D:\CORE\VERONICA0.0.91\VERONICA\VERONICA\X64\DEBUG\VC100.PDB
D:\CORE\VERONICA0.0.91\VERONICA\VERONICA\X64\DEBUG\VERONICA.EXE.INTERMEDIATE.MANIFEST
D:\CORE\VERONICA0.0.91\VERONICA\VERONICA\X64\DEBUG\WEAVER.OBJ
D:\CORE\VERONICA0.0.91\VERONICA\VERONICA\X64\DEBUG\XCODE.OBJ
D:\CORE\VERONICA0.0.91\VERONICA\X64\DEBUG\VERONICA.EXE
D:\CORE\VERONICA0.0.91\VERONICA\X64\DEBUG\VERONICA.ILK
D:\CORE\VERONICA0.0.91\VERONICA\X64\DEBUG\VERONICA.PDB
