生成启动时间为 2016/2/14 11:05:27。
     1>项目“D:\core\veronica0.0.91\veronica\veronica\veronica.vcxproj”在节点 2 上(build 个目标)。
     1>InitializeBuildStatus:
         正在创建“x64\Debug\veronica.unsuccessfulbuild”，因为已指定“AlwaysCreate”。
       ClCompile:
         C:\Program Files (x86)\Microsoft Visual Studio 10.0\VC\bin\x86_amd64\CL.exe /c /Zi /nologo /W3 /WX- /Od /D _MBCS /Gm /EHsc /RTC1 /MDd /GS /fp:precise /Zc:wchar_t /Zc:forScope /Fo"x64\Debug\\" /Fd"x64\Debug\vc100.pdb" /Gd /TC /errorReport:prompt ..\test.c
         test.c
       Link:
         C:\Program Files (x86)\Microsoft Visual Studio 10.0\VC\bin\x86_amd64\link.exe /ERRORREPORT:PROMPT /OUT:"D:\core\veronica0.0.91\veronica\x64\Debug\veronica.exe" /NOLOGO kernel32.lib user32.lib gdi32.lib winspool.lib comdlg32.lib advapi32.lib shell32.lib ole32.lib oleaut32.lib uuid.lib odbc32.lib odbccp32.lib /MANIFEST /ManifestFile:"x64\Debug\veronica.exe.intermediate.manifest" /MANIFESTUAC:"level='asInvoker' uiAccess='false'" /DEBUG /PDB:"D:\core\veronica0.0.91\veronica\x64\Debug\veronica.pdb" /TLBID:1 /DYNAMICBASE /NXCOMPAT /IMPLIB:"D:\core\veronica0.0.91\veronica\x64\Debug\veronica.lib" /MACHINE:X64 x64\Debug\AONTRS.obj
         x64\Debug\AONTRS_test.obj
         x64\Debug\CAONTRS.obj
         x64\Debug\CAONTRS_test.obj
         x64\Debug\cauchy.obj
         x64\Debug\cauchy_org.obj
         x64\Debug\decoder.obj
         x64\Debug\EMBR.obj
         x64\Debug\EMSR.obj
         x64\Debug\encoder.obj
         x64\Debug\EVENODD.obj
         x64\Debug\file.obj
         x64\Debug\FILELAYER.obj
         x64\Debug\FMBR.obj
         x64\Debug\FMSR.obj
         x64\Debug\galois.obj
         x64\Debug\GEN_RDP.obj
         x64\Debug\global_define.obj
         x64\Debug\hamming.obj
         x64\Debug\HoVer.obj
         x64\Debug\liberation.obj
         x64\Debug\matrix.obj
         x64\Debug\MBR.obj
         x64\Debug\MDR.obj
         x64\Debug\MSR.obj
         x64\Debug\mysql.obj
         x64\Debug\network.obj
         x64\Debug\other.obj
         x64\Debug\PAONTRS.obj
         x64\Debug\PAONTRS_test.obj
         x64\Debug\PCAONTRS.obj
         x64\Debug\PCAONTRS_test.obj
         x64\Debug\Pcode.obj
         x64\Debug\profile.obj
         x64\Debug\RAID5.obj
         x64\Debug\RAID6.obj
         x64\Debug\RDP.obj
         x64\Debug\reed_sol_classic.obj
         x64\Debug\rscode.obj
         x64\Debug\STAR.obj
         x64\Debug\system_com.obj
         x64\Debug\test.obj
         x64\Debug\test_update_data.obj
         x64\Debug\test_update_sch.obj
         x64\Debug\tool.obj
         x64\Debug\trace.obj
         x64\Debug\update_API.obj
         x64\Debug\update_opt.obj
         x64\Debug\WEAVER.obj
         x64\Debug\Xcode.obj
         LINK : 没有找到 D:\core\veronica0.0.91\veronica\x64\Debug\veronica.exe 或上一个增量链接没有生成它；正在执行完全链接
         veronica.vcxproj -> D:\core\veronica0.0.91\veronica\x64\Debug\veronica.exe
       Manifest:
         C:\Program Files (x86)\Microsoft SDKs\Windows\v7.0A\bin\mt.exe /nologo /verbose /outputresource:"D:\core\veronica0.0.91\veronica\x64\Debug\veronica.exe;#1" /manifest x64\Debug\veronica.exe.intermediate.manifest
       FinalizeBuildStatus:
         正在删除文件“x64\Debug\veronica.unsuccessfulbuild”。
         正在对“x64\Debug\veronica.lastbuildstate”执行 Touch 任务。
     1>已完成生成项目“D:\core\veronica0.0.91\veronica\veronica\veronica.vcxproj”(build 个目标)的操作。

生成成功。

已用时间 00:00:05.55
