C:\SWALLOWFS-MASTER\SWALLOWFS0.0.91\VERONICA\VERONICA\X64\DEBUG\AONTRS.OBJ
C:\SWALLOWFS-MASTER\SWALLOWFS0.0.91\VERONICA\VERONICA\X64\DEBUG\AONTRS_TEST.OBJ
C:\SWALLOWFS-MASTER\SWALLOWFS0.0.91\VERONICA\VERONICA\X64\DEBUG\CAONTRS.OBJ
C:\SWALLOWFS-MASTER\SWALLOWFS0.0.91\VERONICA\VERONICA\X64\DEBUG\CAONTRS_TEST.OBJ
C:\SWALLOWFS-MASTER\SWALLOWFS0.0.91\VERONICA\VERONICA\X64\DEBUG\CAUCHY.OBJ
C:\SWALLOWFS-MASTER\SWALLOWFS0.0.91\VERONICA\VERONICA\X64\DEBUG\CAUCHY_ORG.OBJ
C:\SWALLOWFS-MASTER\SWALLOWFS0.0.91\VERONICA\VERONICA\X64\DEBUG\DECODER.OBJ
C:\SWALLOWFS-MASTER\SWALLOWFS0.0.91\VERONICA\VERONICA\X64\DEBUG\EMBR.OBJ
C:\SWALLOWFS-MASTER\SWALLOWFS0.0.91\VERONICA\VERONICA\X64\DEBUG\EMSR.OBJ
C:\SWALLOWFS-MASTER\SWALLOWFS0.0.91\VERONICA\VERONICA\X64\DEBUG\ENCODER.OBJ
C:\SWALLOWFS-MASTER\SWALLOWFS0.0.91\VERONICA\VERONICA\X64\DEBUG\EVENODD.OBJ
C:\SWALLOWFS-MASTER\SWALLOWFS0.0.91\VERONICA\VERONICA\X64\DEBUG\FILE.OBJ
C:\SWALLOWFS-MASTER\SWALLOWFS0.0.91\VERONICA\VERONICA\X64\DEBUG\FILELAYER.OBJ
C:\SWALLOWFS-MASTER\SWALLOWFS0.0.91\VERONICA\VERONICA\X64\DEBUG\FMBR.OBJ
C:\SWALLOWFS-MASTER\SWALLOWFS0.0.91\VERONICA\VERONICA\X64\DEBUG\FMSR.OBJ
C:\SWALLOWFS-MASTER\SWALLOWFS0.0.91\VERONICA\VERONICA\X64\DEBUG\GALOIS.OBJ
C:\SWALLOWFS-MASTER\SWALLOWFS0.0.91\VERONICA\VERONICA\X64\DEBUG\GEN_RDP.OBJ
C:\SWALLOWFS-MASTER\SWALLOWFS0.0.91\VERONICA\VERONICA\X64\DEBUG\GLOBAL_DEFINE.OBJ
C:\SWALLOWFS-MASTER\SWALLOWFS0.0.91\VERONICA\VERONICA\X64\DEBUG\HAMMING.OBJ
C:\SWALLOWFS-MASTER\SWALLOWFS0.0.91\VERONICA\VERONICA\X64\DEBUG\HOVER.OBJ
C:\SWALLOWFS-MASTER\SWALLOWFS0.0.91\VERONICA\VERONICA\X64\DEBUG\LIBERATION.OBJ
C:\SWALLOWFS-MASTER\SWALLOWFS0.0.91\VERONICA\VERONICA\X64\DEBUG\MATRIX.OBJ
C:\SWALLOWFS-MASTER\SWALLOWFS0.0.91\VERONICA\VERONICA\X64\DEBUG\MBR.OBJ
C:\SWALLOWFS-MASTER\SWALLOWFS0.0.91\VERONICA\VERONICA\X64\DEBUG\MDR.OBJ
C:\SWALLOWFS-MASTER\SWALLOWFS0.0.91\VERONICA\VERONICA\X64\DEBUG\MSR.OBJ
C:\SWALLOWFS-MASTER\SWALLOWFS0.0.91\VERONICA\VERONICA\X64\DEBUG\MYSQL.OBJ
C:\SWALLOWFS-MASTER\SWALLOWFS0.0.91\VERONICA\VERONICA\X64\DEBUG\NETWORK.OBJ
C:\SWALLOWFS-MASTER\SWALLOWFS0.0.91\VERONICA\VERONICA\X64\DEBUG\OTHER.OBJ
C:\SWALLOWFS-MASTER\SWALLOWFS0.0.91\VERONICA\VERONICA\X64\DEBUG\PAONTRS.OBJ
C:\SWALLOWFS-MASTER\SWALLOWFS0.0.91\VERONICA\VERONICA\X64\DEBUG\PAONTRS_TEST.OBJ
C:\SWALLOWFS-MASTER\SWALLOWFS0.0.91\VERONICA\VERONICA\X64\DEBUG\PCAONTRS.OBJ
C:\SWALLOWFS-MASTER\SWALLOWFS0.0.91\VERONICA\VERONICA\X64\DEBUG\PCAONTRS_TEST.OBJ
C:\SWALLOWFS-MASTER\SWALLOWFS0.0.91\VERONICA\VERONICA\X64\DEBUG\PCODE.OBJ
C:\SWALLOWFS-MASTER\SWALLOWFS0.0.91\VERONICA\VERONICA\X64\DEBUG\PROFILE.OBJ
C:\SWALLOWFS-MASTER\SWALLOWFS0.0.91\VERONICA\VERONICA\X64\DEBUG\RAID5.OBJ
C:\SWALLOWFS-MASTER\SWALLOWFS0.0.91\VERONICA\VERONICA\X64\DEBUG\RAID6.OBJ
C:\SWALLOWFS-MASTER\SWALLOWFS0.0.91\VERONICA\VERONICA\X64\DEBUG\RCW_TEST.OBJ
C:\SWALLOWFS-MASTER\SWALLOWFS0.0.91\VERONICA\VERONICA\X64\DEBUG\RDP.OBJ
C:\SWALLOWFS-MASTER\SWALLOWFS0.0.91\VERONICA\VERONICA\X64\DEBUG\REED_SOL_CLASSIC.OBJ
C:\SWALLOWFS-MASTER\SWALLOWFS0.0.91\VERONICA\VERONICA\X64\DEBUG\RMW_TEST.OBJ
C:\SWALLOWFS-MASTER\SWALLOWFS0.0.91\VERONICA\VERONICA\X64\DEBUG\RSCODE.OBJ
C:\SWALLOWFS-MASTER\SWALLOWFS0.0.91\VERONICA\VERONICA\X64\DEBUG\STAR.OBJ
C:\SWALLOWFS-MASTER\SWALLOWFS0.0.91\VERONICA\VERONICA\X64\DEBUG\SYSTEM_COM.OBJ
C:\SWALLOWFS-MASTER\SWALLOWFS0.0.91\VERONICA\VERONICA\X64\DEBUG\TEST.OBJ
C:\SWALLOWFS-MASTER\SWALLOWFS0.0.91\VERONICA\VERONICA\X64\DEBUG\TEST_UPDATE_DATA.OBJ
C:\SWALLOWFS-MASTER\SWALLOWFS0.0.91\VERONICA\VERONICA\X64\DEBUG\TEST_UPDATE_DATA_TRACE.OBJ
C:\SWALLOWFS-MASTER\SWALLOWFS0.0.91\VERONICA\VERONICA\X64\DEBUG\TEST_UPDATE_RCW_TRACE.OBJ
C:\SWALLOWFS-MASTER\SWALLOWFS0.0.91\VERONICA\VERONICA\X64\DEBUG\TEST_UPDATE_RMW_TRACE.OBJ
C:\SWALLOWFS-MASTER\SWALLOWFS0.0.91\VERONICA\VERONICA\X64\DEBUG\TEST_UPDATE_SCH.OBJ
C:\SWALLOWFS-MASTER\SWALLOWFS0.0.91\VERONICA\VERONICA\X64\DEBUG\TEST_UPDATE_SCH_TRACE.OBJ
C:\SWALLOWFS-MASTER\SWALLOWFS0.0.91\VERONICA\VERONICA\X64\DEBUG\TOOL.OBJ
C:\SWALLOWFS-MASTER\SWALLOWFS0.0.91\VERONICA\VERONICA\X64\DEBUG\TRACE.OBJ
C:\SWALLOWFS-MASTER\SWALLOWFS0.0.91\VERONICA\VERONICA\X64\DEBUG\UPDATE_API.OBJ
C:\SWALLOWFS-MASTER\SWALLOWFS0.0.91\VERONICA\VERONICA\X64\DEBUG\UPDATE_OPT.OBJ
C:\SWALLOWFS-MASTER\SWALLOWFS0.0.91\VERONICA\VERONICA\X64\DEBUG\VC100.PDB
C:\SWALLOWFS-MASTER\SWALLOWFS0.0.91\VERONICA\VERONICA\X64\DEBUG\VERONICA.EXE.INTERMEDIATE.MANIFEST
C:\SWALLOWFS-MASTER\SWALLOWFS0.0.91\VERONICA\VERONICA\X64\DEBUG\WEAVER.OBJ
C:\SWALLOWFS-MASTER\SWALLOWFS0.0.91\VERONICA\VERONICA\X64\DEBUG\XCODE.OBJ
C:\SWALLOWFS-MASTER\SWALLOWFS0.0.91\VERONICA\X64\DEBUG\VERONICA.EXE
C:\SWALLOWFS-MASTER\SWALLOWFS0.0.91\VERONICA\X64\DEBUG\VERONICA.ILK
C:\SWALLOWFS-MASTER\SWALLOWFS0.0.91\VERONICA\X64\DEBUG\VERONICA.PDB
D:\CORE\VERONICA0.0.91\VERONICA\VERONICA\X64\DEBUG\AONTRS.OBJ
D:\CORE\VERONICA0.0.91\VERONICA\VERONICA\X64\DEBUG\AONTRS_TEST.OBJ
D:\CORE\VERONICA0.0.91\VERONICA\VERONICA\X64\DEBUG\CAONTRS.OBJ
D:\CORE\VERONICA0.0.91\VERONICA\VERONICA\X64\DEBUG\CAONTRS_TEST.OBJ
D:\CORE\VERONICA0.0.91\VERONICA\VERONICA\X64\DEBUG\CAUCHY.OBJ
D:\CORE\VERONICA0.0.91\VERONICA\VERONICA\X64\DEBUG\CAUCHY_ORG.OBJ
D:\CORE\VERONICA0.0.91\VERONICA\VERONICA\X64\DEBUG\DECODER.OBJ
D:\CORE\VERONICA0.0.91\VERONICA\VERONICA\X64\DEBUG\EMBR.OBJ
D:\CORE\VERONICA0.0.91\VERONICA\VERONICA\X64\DEBUG\EMSR.OBJ
D:\CORE\VERONICA0.0.91\VERONICA\VERONICA\X64\DEBUG\ENCODER.OBJ
D:\CORE\VERONICA0.0.91\VERONICA\VERONICA\X64\DEBUG\EVENODD.OBJ
D:\CORE\VERONICA0.0.91\VERONICA\VERONICA\X64\DEBUG\FILE.OBJ
D:\CORE\VERONICA0.0.91\VERONICA\VERONICA\X64\DEBUG\FILELAYER.OBJ
D:\CORE\VERONICA0.0.91\VERONICA\VERONICA\X64\DEBUG\FMBR.OBJ
D:\CORE\VERONICA0.0.91\VERONICA\VERONICA\X64\DEBUG\FMSR.OBJ
D:\CORE\VERONICA0.0.91\VERONICA\VERONICA\X64\DEBUG\GALOIS.OBJ
D:\CORE\VERONICA0.0.91\VERONICA\VERONICA\X64\DEBUG\GEN_RDP.OBJ
D:\CORE\VERONICA0.0.91\VERONICA\VERONICA\X64\DEBUG\GLOBAL_DEFINE.OBJ
D:\CORE\VERONICA0.0.91\VERONICA\VERONICA\X64\DEBUG\HAMMING.OBJ
D:\CORE\VERONICA0.0.91\VERONICA\VERONICA\X64\DEBUG\HOVER.OBJ
D:\CORE\VERONICA0.0.91\VERONICA\VERONICA\X64\DEBUG\LIBERATION.OBJ
D:\CORE\VERONICA0.0.91\VERONICA\VERONICA\X64\DEBUG\MATRIX.OBJ
D:\CORE\VERONICA0.0.91\VERONICA\VERONICA\X64\DEBUG\MBR.OBJ
D:\CORE\VERONICA0.0.91\VERONICA\VERONICA\X64\DEBUG\MDR.OBJ
D:\CORE\VERONICA0.0.91\VERONICA\VERONICA\X64\DEBUG\MSR.OBJ
D:\CORE\VERONICA0.0.91\VERONICA\VERONICA\X64\DEBUG\MYSQL.OBJ
D:\CORE\VERONICA0.0.91\VERONICA\VERONICA\X64\DEBUG\NETWORK.OBJ
D:\CORE\VERONICA0.0.91\VERONICA\VERONICA\X64\DEBUG\OTHER.OBJ
D:\CORE\VERONICA0.0.91\VERONICA\VERONICA\X64\DEBUG\PAONTRS.OBJ
D:\CORE\VERONICA0.0.91\VERONICA\VERONICA\X64\DEBUG\PAONTRS_TEST.OBJ
D:\CORE\VERONICA0.0.91\VERONICA\VERONICA\X64\DEBUG\PCAONTRS.OBJ
D:\CORE\VERONICA0.0.91\VERONICA\VERONICA\X64\DEBUG\PCAONTRS_TEST.OBJ
D:\CORE\VERONICA0.0.91\VERONICA\VERONICA\X64\DEBUG\PCODE.OBJ
D:\CORE\VERONICA0.0.91\VERONICA\VERONICA\X64\DEBUG\PROFILE.OBJ
D:\CORE\VERONICA0.0.91\VERONICA\VERONICA\X64\DEBUG\RAID5.OBJ
D:\CORE\VERONICA0.0.91\VERONICA\VERONICA\X64\DEBUG\RAID6.OBJ
D:\CORE\VERONICA0.0.91\VERONICA\VERONICA\X64\DEBUG\RDP.OBJ
D:\CORE\VERONICA0.0.91\VERONICA\VERONICA\X64\DEBUG\REED_SOL_CLASSIC.OBJ
D:\CORE\VERONICA0.0.91\VERONICA\VERONICA\X64\DEBUG\RSCODE.OBJ
D:\CORE\VERONICA0.0.91\VERONICA\VERONICA\X64\DEBUG\STAR.OBJ
D:\CORE\VERONICA0.0.91\VERONICA\VERONICA\X64\DEBUG\SYSTEM_COM.OBJ
D:\CORE\VERONICA0.0.91\VERONICA\VERONICA\X64\DEBUG\TEST.OBJ
D:\CORE\VERONICA0.0.91\VERONICA\VERONICA\X64\DEBUG\TEST_UPDATE_DATA.OBJ
D:\CORE\VERONICA0.0.91\VERONICA\VERONICA\X64\DEBUG\TEST_UPDATE_SCH.OBJ
D:\CORE\VERONICA0.0.91\VERONICA\VERONICA\X64\DEBUG\TOOL.OBJ
D:\CORE\VERONICA0.0.91\VERONICA\VERONICA\X64\DEBUG\TRACE.OBJ
D:\CORE\VERONICA0.0.91\VERONICA\VERONICA\X64\DEBUG\UPDATE_API.OBJ
D:\CORE\VERONICA0.0.91\VERONICA\VERONICA\X64\DEBUG\UPDATE_OPT.OBJ
D:\CORE\VERONICA0.0.91\VERONICA\VERONICA\X64\DEBUG\VC100.PDB
D:\CORE\VERONICA0.0.91\VERONICA\VERONICA\X64\DEBUG\VERONICA.EXE.INTERMEDIATE.MANIFEST
D:\CORE\VERONICA0.0.91\VERONICA\VERONICA\X64\DEBUG\WEAVER.OBJ
D:\CORE\VERONICA0.0.91\VERONICA\VERONICA\X64\DEBUG\XCODE.OBJ
D:\CORE\VERONICA0.0.91\VERONICA\X64\DEBUG\VERONICA.EXE
D:\CORE\VERONICA0.0.91\VERONICA\X64\DEBUG\VERONICA.ILK
D:\CORE\VERONICA0.0.91\VERONICA\X64\DEBUG\VERONICA.PDB
F:\SWALLOWFS-MASTER\SWALLOWFS0.0.92\VERONICA\VERONICA\X64\DEBUG\AONTRS.OBJ
F:\SWALLOWFS-MASTER\SWALLOWFS0.0.92\VERONICA\VERONICA\X64\DEBUG\AONTRS_TEST.OBJ
F:\SWALLOWFS-MASTER\SWALLOWFS0.0.92\VERONICA\VERONICA\X64\DEBUG\CAONTRS.OBJ
F:\SWALLOWFS-MASTER\SWALLOWFS0.0.92\VERONICA\VERONICA\X64\DEBUG\CAONTRS_TEST.OBJ
F:\SWALLOWFS-MASTER\SWALLOWFS0.0.92\VERONICA\VERONICA\X64\DEBUG\CAUCHY.OBJ
F:\SWALLOWFS-MASTER\SWALLOWFS0.0.92\VERONICA\VERONICA\X64\DEBUG\CAUCHY_ORG.OBJ
F:\SWALLOWFS-MASTER\SWALLOWFS0.0.92\VERONICA\VERONICA\X64\DEBUG\CHECKPOINT.OBJ
F:\SWALLOWFS-master\swallowfs0.0.92\veronica\veronica\x64\Debug\cl.command.1.tlog
F:\SWALLOWFS-master\swallowfs0.0.92\veronica\veronica\x64\Debug\CL.read.1.tlog
F:\SWALLOWFS-master\swallowfs0.0.92\veronica\veronica\x64\Debug\CL.write.1.tlog
F:\SWALLOWFS-MASTER\SWALLOWFS0.0.92\VERONICA\VERONICA\X64\DEBUG\DECODER.OBJ
F:\SWALLOWFS-MASTER\SWALLOWFS0.0.92\VERONICA\VERONICA\X64\DEBUG\EMBR.OBJ
F:\SWALLOWFS-MASTER\SWALLOWFS0.0.92\VERONICA\VERONICA\X64\DEBUG\EMSR.OBJ
F:\SWALLOWFS-MASTER\SWALLOWFS0.0.92\VERONICA\VERONICA\X64\DEBUG\ENCODER.OBJ
F:\SWALLOWFS-MASTER\SWALLOWFS0.0.92\VERONICA\VERONICA\X64\DEBUG\EVENODD.OBJ
F:\SWALLOWFS-MASTER\SWALLOWFS0.0.92\VERONICA\VERONICA\X64\DEBUG\FILE.OBJ
F:\SWALLOWFS-MASTER\SWALLOWFS0.0.92\VERONICA\VERONICA\X64\DEBUG\FILELAYER.OBJ
F:\SWALLOWFS-MASTER\SWALLOWFS0.0.92\VERONICA\VERONICA\X64\DEBUG\FMBR.OBJ
F:\SWALLOWFS-MASTER\SWALLOWFS0.0.92\VERONICA\VERONICA\X64\DEBUG\FMSR.OBJ
F:\SWALLOWFS-MASTER\SWALLOWFS0.0.92\VERONICA\VERONICA\X64\DEBUG\GALOIS.OBJ
F:\SWALLOWFS-MASTER\SWALLOWFS0.0.92\VERONICA\VERONICA\X64\DEBUG\GEN_RDP.OBJ
F:\SWALLOWFS-MASTER\SWALLOWFS0.0.92\VERONICA\VERONICA\X64\DEBUG\GLOBAL_DEFINE.OBJ
F:\SWALLOWFS-MASTER\SWALLOWFS0.0.92\VERONICA\VERONICA\X64\DEBUG\HAMMING.OBJ
F:\SWALLOWFS-MASTER\SWALLOWFS0.0.92\VERONICA\VERONICA\X64\DEBUG\HOVER.OBJ
F:\SWALLOWFS-MASTER\SWALLOWFS0.0.92\VERONICA\VERONICA\X64\DEBUG\LIBERATION.OBJ
F:\SWALLOWFS-master\swallowfs0.0.92\veronica\veronica\x64\Debug\link.command.1.tlog
F:\SWALLOWFS-master\swallowfs0.0.92\veronica\veronica\x64\Debug\link.read.1.tlog
F:\SWALLOWFS-master\swallowfs0.0.92\veronica\veronica\x64\Debug\link.write.1.tlog
F:\SWALLOWFS-MASTER\SWALLOWFS0.0.92\VERONICA\VERONICA\X64\DEBUG\MATRIX.OBJ
F:\SWALLOWFS-MASTER\SWALLOWFS0.0.92\VERONICA\VERONICA\X64\DEBUG\MBR.OBJ
F:\SWALLOWFS-MASTER\SWALLOWFS0.0.92\VERONICA\VERONICA\X64\DEBUG\MDR.OBJ
F:\SWALLOWFS-MASTER\SWALLOWFS0.0.92\VERONICA\VERONICA\X64\DEBUG\MSR.OBJ
F:\SWALLOWFS-master\swallowfs0.0.92\veronica\veronica\x64\Debug\mt.command.1.tlog
F:\SWALLOWFS-master\swallowfs0.0.92\veronica\veronica\x64\Debug\mt.read.1.tlog
F:\SWALLOWFS-master\swallowfs0.0.92\veronica\veronica\x64\Debug\mt.read.2.tlog
F:\SWALLOWFS-master\swallowfs0.0.92\veronica\veronica\x64\Debug\mt.read.3.tlog
F:\SWALLOWFS-master\swallowfs0.0.92\veronica\veronica\x64\Debug\mt.write.1.tlog
F:\SWALLOWFS-MASTER\SWALLOWFS0.0.92\VERONICA\VERONICA\X64\DEBUG\MYSQL.OBJ
F:\SWALLOWFS-MASTER\SWALLOWFS0.0.92\VERONICA\VERONICA\X64\DEBUG\NETWORK.OBJ
F:\SWALLOWFS-MASTER\SWALLOWFS0.0.92\VERONICA\VERONICA\X64\DEBUG\OTHER.OBJ
F:\SWALLOWFS-master\swallowfs0.0.92\veronica\veronica\x64\Debug\PAONTRS.obj
F:\SWALLOWFS-master\swallowfs0.0.92\veronica\veronica\x64\Debug\PAONTRS_test.obj
F:\SWALLOWFS-master\swallowfs0.0.92\veronica\veronica\x64\Debug\PCAONTRS.obj
F:\SWALLOWFS-master\swallowfs0.0.92\veronica\veronica\x64\Debug\PCAONTRS_test.obj
F:\SWALLOWFS-MASTER\SWALLOWFS0.0.92\VERONICA\VERONICA\X64\DEBUG\PCODE.OBJ
F:\SWALLOWFS-MASTER\SWALLOWFS0.0.92\VERONICA\VERONICA\X64\DEBUG\PROFILE.OBJ
F:\SWALLOWFS-MASTER\SWALLOWFS0.0.92\VERONICA\VERONICA\X64\DEBUG\RAID5.OBJ
F:\SWALLOWFS-MASTER\SWALLOWFS0.0.92\VERONICA\VERONICA\X64\DEBUG\RAID6.OBJ
F:\SWALLOWFS-MASTER\SWALLOWFS0.0.92\VERONICA\VERONICA\X64\DEBUG\RCW_TEST.OBJ
F:\SWALLOWFS-MASTER\SWALLOWFS0.0.92\VERONICA\VERONICA\X64\DEBUG\RDP.OBJ
F:\SWALLOWFS-MASTER\SWALLOWFS0.0.92\VERONICA\VERONICA\X64\DEBUG\REED_SOL_CLASSIC.OBJ
F:\SWALLOWFS-MASTER\SWALLOWFS0.0.92\VERONICA\VERONICA\X64\DEBUG\RMW_TEST.OBJ
F:\SWALLOWFS-MASTER\SWALLOWFS0.0.92\VERONICA\VERONICA\X64\DEBUG\RSCODE.OBJ
F:\SWALLOWFS-MASTER\SWALLOWFS0.0.92\VERONICA\VERONICA\X64\DEBUG\STAR.OBJ
F:\SWALLOWFS-MASTER\SWALLOWFS0.0.92\VERONICA\VERONICA\X64\DEBUG\SYSTEM_COM.OBJ
F:\SWALLOWFS-MASTER\SWALLOWFS0.0.92\VERONICA\VERONICA\X64\DEBUG\TEST.OBJ
F:\SWALLOWFS-MASTER\SWALLOWFS0.0.92\VERONICA\VERONICA\X64\DEBUG\TEST_UPDATE_DATA.OBJ
F:\SWALLOWFS-MASTER\SWALLOWFS0.0.92\VERONICA\VERONICA\X64\DEBUG\TEST_UPDATE_DATA_TRACE.OBJ
F:\SWALLOWFS-MASTER\SWALLOWFS0.0.92\VERONICA\VERONICA\X64\DEBUG\TEST_UPDATE_RCW_TRACE.OBJ
F:\SWALLOWFS-MASTER\SWALLOWFS0.0.92\VERONICA\VERONICA\X64\DEBUG\TEST_UPDATE_RMW_TRACE.OBJ
F:\SWALLOWFS-MASTER\SWALLOWFS0.0.92\VERONICA\VERONICA\X64\DEBUG\TEST_UPDATE_SCH.OBJ
F:\SWALLOWFS-MASTER\SWALLOWFS0.0.92\VERONICA\VERONICA\X64\DEBUG\TEST_UPDATE_SCH_TRACE.OBJ
F:\SWALLOWFS-MASTER\SWALLOWFS0.0.92\VERONICA\VERONICA\X64\DEBUG\TOOL.OBJ
F:\SWALLOWFS-MASTER\SWALLOWFS0.0.92\VERONICA\VERONICA\X64\DEBUG\TRACE.OBJ
F:\SWALLOWFS-MASTER\SWALLOWFS0.0.92\VERONICA\VERONICA\X64\DEBUG\UPDATE_API.OBJ
F:\SWALLOWFS-MASTER\SWALLOWFS0.0.92\VERONICA\VERONICA\X64\DEBUG\UPDATE_OPT.OBJ
F:\SWALLOWFS-master\swallowfs0.0.92\veronica\veronica\x64\Debug\vc100.idb
F:\SWALLOWFS-MASTER\SWALLOWFS0.0.92\VERONICA\VERONICA\X64\DEBUG\VC100.PDB
F:\SWALLOWFS-MASTER\SWALLOWFS0.0.92\VERONICA\VERONICA\X64\DEBUG\VERONICA.EXE.INTERMEDIATE.MANIFEST
F:\SWALLOWFS-master\swallowfs0.0.92\veronica\veronica\x64\Debug\veronica.vcxprojResolveAssemblyReference.cache
F:\SWALLOWFS-master\swallowfs0.0.92\veronica\veronica\x64\Debug\veronica.write.1.tlog
F:\SWALLOWFS-MASTER\SWALLOWFS0.0.92\VERONICA\VERONICA\X64\DEBUG\WEAVER.OBJ
F:\SWALLOWFS-MASTER\SWALLOWFS0.0.92\VERONICA\VERONICA\X64\DEBUG\XCODE.OBJ
F:\SWALLOWFS-MASTER\SWALLOWFS0.0.92\VERONICA\X64\DEBUG\VERONICA.EXE
F:\SWALLOWFS-MASTER\SWALLOWFS0.0.92\VERONICA\X64\DEBUG\VERONICA.ILK
F:\SWALLOWFS-MASTER\SWALLOWFS0.0.92\VERONICA\X64\DEBUG\VERONICA.PDB
